2022-08-22_12-46-51 [restartedMain] INFO  c.a.AuthorizationMicroServiceApplication - Starting AuthorizationMicroServiceApplication using Java 17.0.3 on DESKTOP-KE8A2D8 with PID 18660 (C:\Users\msspy\Desktop\Git Hub PPM\authorization-micro-service\target\classes started by msspy in C:\Users\msspy\Desktop\Git Hub PPM\authorization-micro-service)
2022-08-22_12-46-51 [restartedMain] INFO  c.a.AuthorizationMicroServiceApplication - No active profile set, falling back to 1 default profile: "default"
2022-08-22_12-46-51 [restartedMain] INFO  o.s.b.d.e.DevToolsPropertyDefaultsPostProcessor - Devtools property defaults active! Set 'spring.devtools.add-properties' to 'false' to disable
2022-08-22_12-46-51 [restartedMain] INFO  o.s.b.d.e.DevToolsPropertyDefaultsPostProcessor - For additional web related logging consider setting the 'logging.level.web' property to 'DEBUG'
2022-08-22_12-46-51 [restartedMain] INFO  o.s.d.r.c.RepositoryConfigurationDelegate - Bootstrapping Spring Data JPA repositories in DEFAULT mode.
2022-08-22_12-46-51 [restartedMain] INFO  o.s.d.r.c.RepositoryConfigurationDelegate - Finished Spring Data repository scanning in 48 ms. Found 1 JPA repository interfaces.
2022-08-22_12-46-51 [restartedMain] INFO  o.s.b.w.e.tomcat.TomcatWebServer - Tomcat initialized with port(s): 8100 (http)
2022-08-22_12-46-51 [restartedMain] INFO  o.a.coyote.http11.Http11NioProtocol - Initializing ProtocolHandler ["http-nio-8100"]
2022-08-22_12-46-51 [restartedMain] INFO  o.a.catalina.core.StandardService - Starting service [Tomcat]
2022-08-22_12-46-51 [restartedMain] INFO  o.a.catalina.core.StandardEngine - Starting Servlet engine: [Apache Tomcat/9.0.65]
2022-08-22_12-46-51 [restartedMain] INFO  o.a.c.c.C.[.[localhost].[/auth] - Initializing Spring embedded WebApplicationContext
2022-08-22_12-46-51 [restartedMain] INFO  o.s.b.w.s.c.ServletWebServerApplicationContext - Root WebApplicationContext: initialization completed in 1779 ms
2022-08-22_12-46-51 [restartedMain] INFO  com.zaxxer.hikari.HikariDataSource - HikariPool-1 - Starting...
2022-08-22_12-46-51 [restartedMain] INFO  com.zaxxer.hikari.HikariDataSource - HikariPool-1 - Start completed.
2022-08-22_12-46-51 [restartedMain] INFO  o.s.b.a.h.H2ConsoleAutoConfiguration - H2 console available at '/h2'. Database available at 'jdbc:h2:mem:testdb'
2022-08-22_12-46-51 [restartedMain] INFO  o.h.jpa.internal.util.LogHelper - HHH000204: Processing PersistenceUnitInfo [name: default]
2022-08-22_12-46-51 [restartedMain] INFO  org.hibernate.Version - HHH000412: Hibernate ORM core version 5.6.10.Final
2022-08-22_12-46-51 [restartedMain] INFO  o.h.annotations.common.Version - HCANN000001: Hibernate Commons Annotations {5.1.2.Final}
2022-08-22_12-46-51 [restartedMain] INFO  org.hibernate.dialect.Dialect - HHH000400: Using dialect: org.hibernate.dialect.H2Dialect
2022-08-22_12-46-51 [restartedMain] INFO  o.h.e.t.j.p.i.JtaPlatformInitiator - HHH000490: Using JtaPlatform implementation: [org.hibernate.engine.transaction.jta.platform.internal.NoJtaPlatform]
2022-08-22_12-46-51 [restartedMain] INFO  o.s.o.j.LocalContainerEntityManagerFactoryBean - Initialized JPA EntityManagerFactory for persistence unit 'default'
2022-08-22_12-46-51 [restartedMain] INFO  o.s.s.web.DefaultSecurityFilterChain - Will secure any request with [org.springframework.security.web.session.DisableEncodeUrlFilter@6915de47, org.springframework.security.web.context.request.async.WebAsyncManagerIntegrationFilter@48e9e2e7, org.springframework.security.web.context.SecurityContextPersistenceFilter@2a76f6c0, org.springframework.security.web.header.HeaderWriterFilter@3bb5fa86, org.springframework.security.web.authentication.logout.LogoutFilter@2a35c88d, com.auth.config.JwtRequestFilter@6e69b54f, org.springframework.security.web.savedrequest.RequestCacheAwareFilter@5f5f2386, org.springframework.security.web.servletapi.SecurityContextHolderAwareRequestFilter@711220f6, org.springframework.security.web.authentication.AnonymousAuthenticationFilter@6b329af2, org.springframework.security.web.session.SessionManagementFilter@77020967, org.springframework.security.web.access.ExceptionTranslationFilter@3f694c1d, org.springframework.security.web.access.intercept.FilterSecurityInterceptor@45c2b5e5]
2022-08-22_12-46-51 [restartedMain] INFO  o.s.b.d.a.OptionalLiveReloadServer - LiveReload server is running on port 35729
2022-08-22_12-46-51 [restartedMain] INFO  o.s.b.a.e.web.EndpointLinksResolver - Exposing 1 endpoint(s) beneath base path '/manage'
2022-08-22_12-46-51 [restartedMain] INFO  o.a.coyote.http11.Http11NioProtocol - Starting ProtocolHandler ["http-nio-8100"]
2022-08-22_12-46-51 [restartedMain] INFO  o.s.b.w.e.tomcat.TomcatWebServer - Tomcat started on port(s): 8100 (http) with context path '/auth'
2022-08-22_12-46-51 [restartedMain] INFO  c.a.AuthorizationMicroServiceApplication - Started AuthorizationMicroServiceApplication in 4.705 seconds (JVM running for 5.707)
2022-08-22_12-46-51 [RMI TCP Connection(1)-127.0.0.1] INFO  o.a.c.c.C.[.[localhost].[/auth] - Initializing Spring DispatcherServlet 'dispatcherServlet'
2022-08-22_12-46-51 [RMI TCP Connection(1)-127.0.0.1] INFO  o.s.web.servlet.DispatcherServlet - Initializing Servlet 'dispatcherServlet'
2022-08-22_12-46-51 [RMI TCP Connection(1)-127.0.0.1] INFO  o.s.web.servlet.DispatcherServlet - Completed initialization in 1 ms
2022-08-22_12-46-51 [RMI TCP Connection(3)-127.0.0.1] INFO  o.s.b.a.SpringApplicationAdminMXBeanRegistrar$SpringApplicationAdmin - Application shutdown requested.
2022-08-22_12-46-51 [RMI TCP Connection(3)-127.0.0.1] INFO  o.s.o.j.LocalContainerEntityManagerFactoryBean - Closing JPA EntityManagerFactory for persistence unit 'default'
2022-08-22_12-46-51 [RMI TCP Connection(3)-127.0.0.1] INFO  o.h.t.s.i.SchemaDropperImpl$DelayedDropActionImpl - HHH000477: Starting delayed evictData of schema as part of SessionFactory shut-down'
2022-08-22_12-46-51 [RMI TCP Connection(3)-127.0.0.1] INFO  com.zaxxer.hikari.HikariDataSource - HikariPool-1 - Shutdown initiated...
2022-08-22_12-46-51 [RMI TCP Connection(3)-127.0.0.1] INFO  com.zaxxer.hikari.HikariDataSource - HikariPool-1 - Shutdown completed.
2022-08-22_12-47-57 [restartedMain] INFO  c.a.AuthorizationMicroServiceApplication - Starting AuthorizationMicroServiceApplication using Java 17.0.3 on DESKTOP-KE8A2D8 with PID 6296 (C:\Users\msspy\Desktop\Git Hub PPM\authorization-micro-service\target\classes started by msspy in C:\Users\msspy\Desktop\Git Hub PPM\authorization-micro-service)
2022-08-22_12-47-57 [restartedMain] INFO  c.a.AuthorizationMicroServiceApplication - No active profile set, falling back to 1 default profile: "default"
2022-08-22_12-47-57 [restartedMain] INFO  o.s.b.d.e.DevToolsPropertyDefaultsPostProcessor - Devtools property defaults active! Set 'spring.devtools.add-properties' to 'false' to disable
2022-08-22_12-47-57 [restartedMain] INFO  o.s.b.d.e.DevToolsPropertyDefaultsPostProcessor - For additional web related logging consider setting the 'logging.level.web' property to 'DEBUG'
2022-08-22_12-47-57 [restartedMain] INFO  o.s.d.r.c.RepositoryConfigurationDelegate - Bootstrapping Spring Data JPA repositories in DEFAULT mode.
2022-08-22_12-47-57 [restartedMain] INFO  o.s.d.r.c.RepositoryConfigurationDelegate - Finished Spring Data repository scanning in 42 ms. Found 1 JPA repository interfaces.
2022-08-22_12-47-57 [restartedMain] INFO  o.s.b.w.e.tomcat.TomcatWebServer - Tomcat initialized with port(s): 8100 (http)
2022-08-22_12-47-57 [restartedMain] INFO  o.a.coyote.http11.Http11NioProtocol - Initializing ProtocolHandler ["http-nio-8100"]
2022-08-22_12-47-57 [restartedMain] INFO  o.a.catalina.core.StandardService - Starting service [Tomcat]
2022-08-22_12-47-57 [restartedMain] INFO  o.a.catalina.core.StandardEngine - Starting Servlet engine: [Apache Tomcat/9.0.65]
2022-08-22_12-47-57 [restartedMain] INFO  o.a.c.c.C.[.[localhost].[/auth] - Initializing Spring embedded WebApplicationContext
2022-08-22_12-47-57 [restartedMain] INFO  o.s.b.w.s.c.ServletWebServerApplicationContext - Root WebApplicationContext: initialization completed in 1398 ms
2022-08-22_12-47-57 [restartedMain] INFO  com.zaxxer.hikari.HikariDataSource - HikariPool-1 - Starting...
2022-08-22_12-47-57 [restartedMain] INFO  com.zaxxer.hikari.HikariDataSource - HikariPool-1 - Start completed.
2022-08-22_12-47-57 [restartedMain] INFO  o.s.b.a.h.H2ConsoleAutoConfiguration - H2 console available at '/h2'. Database available at 'jdbc:h2:mem:testdb'
2022-08-22_12-47-57 [restartedMain] INFO  o.h.jpa.internal.util.LogHelper - HHH000204: Processing PersistenceUnitInfo [name: default]
2022-08-22_12-47-57 [restartedMain] INFO  org.hibernate.Version - HHH000412: Hibernate ORM core version 5.6.10.Final
2022-08-22_12-47-57 [restartedMain] INFO  o.h.annotations.common.Version - HCANN000001: Hibernate Commons Annotations {5.1.2.Final}
2022-08-22_12-47-57 [restartedMain] INFO  org.hibernate.dialect.Dialect - HHH000400: Using dialect: org.hibernate.dialect.H2Dialect
2022-08-22_12-47-57 [restartedMain] INFO  o.h.e.t.j.p.i.JtaPlatformInitiator - HHH000490: Using JtaPlatform implementation: [org.hibernate.engine.transaction.jta.platform.internal.NoJtaPlatform]
2022-08-22_12-47-57 [restartedMain] INFO  o.s.o.j.LocalContainerEntityManagerFactoryBean - Initialized JPA EntityManagerFactory for persistence unit 'default'
2022-08-22_12-47-57 [restartedMain] INFO  o.s.s.web.DefaultSecurityFilterChain - Will secure any request with [org.springframework.security.web.session.DisableEncodeUrlFilter@27b65b78, org.springframework.security.web.context.request.async.WebAsyncManagerIntegrationFilter@59f5f71b, org.springframework.security.web.context.SecurityContextPersistenceFilter@77c31c8, org.springframework.security.web.header.HeaderWriterFilter@1e2a059c, org.springframework.security.web.authentication.logout.LogoutFilter@7c2fc810, com.auth.config.JwtRequestFilter@f59edc6, org.springframework.security.web.savedrequest.RequestCacheAwareFilter@734802aa, org.springframework.security.web.servletapi.SecurityContextHolderAwareRequestFilter@481727aa, org.springframework.security.web.authentication.AnonymousAuthenticationFilter@5a91fa1, org.springframework.security.web.session.SessionManagementFilter@8c831d3, org.springframework.security.web.access.ExceptionTranslationFilter@3f6bb7a4, org.springframework.security.web.access.intercept.FilterSecurityInterceptor@57133095]
2022-08-22_12-47-57 [restartedMain] INFO  o.s.b.d.a.OptionalLiveReloadServer - LiveReload server is running on port 35729
2022-08-22_12-47-57 [restartedMain] INFO  o.s.b.a.e.web.EndpointLinksResolver - Exposing 1 endpoint(s) beneath base path '/manage'
2022-08-22_12-47-57 [restartedMain] INFO  o.a.coyote.http11.Http11NioProtocol - Starting ProtocolHandler ["http-nio-8100"]
2022-08-22_12-47-57 [restartedMain] INFO  o.s.b.w.e.tomcat.TomcatWebServer - Tomcat started on port(s): 8100 (http) with context path '/auth'
2022-08-22_12-47-57 [restartedMain] INFO  c.a.AuthorizationMicroServiceApplication - Started AuthorizationMicroServiceApplication in 3.935 seconds (JVM running for 4.82)
2022-08-22_12-47-57 [RMI TCP Connection(3)-127.0.0.1] INFO  o.a.c.c.C.[.[localhost].[/auth] - Initializing Spring DispatcherServlet 'dispatcherServlet'
2022-08-22_12-47-57 [RMI TCP Connection(3)-127.0.0.1] INFO  o.s.web.servlet.DispatcherServlet - Initializing Servlet 'dispatcherServlet'
2022-08-22_12-47-57 [RMI TCP Connection(3)-127.0.0.1] INFO  o.s.web.servlet.DispatcherServlet - Completed initialization in 2 ms
2022-08-22_12-47-57 [RMI TCP Connection(7)-127.0.0.1] INFO  o.s.b.a.SpringApplicationAdminMXBeanRegistrar$SpringApplicationAdmin - Application shutdown requested.
2022-08-22_12-47-57 [RMI TCP Connection(7)-127.0.0.1] INFO  o.s.o.j.LocalContainerEntityManagerFactoryBean - Closing JPA EntityManagerFactory for persistence unit 'default'
2022-08-22_12-47-57 [RMI TCP Connection(7)-127.0.0.1] INFO  o.h.t.s.i.SchemaDropperImpl$DelayedDropActionImpl - HHH000477: Starting delayed evictData of schema as part of SessionFactory shut-down'
2022-08-22_12-47-57 [RMI TCP Connection(7)-127.0.0.1] INFO  com.zaxxer.hikari.HikariDataSource - HikariPool-1 - Shutdown initiated...
2022-08-22_12-47-57 [RMI TCP Connection(7)-127.0.0.1] INFO  com.zaxxer.hikari.HikariDataSource - HikariPool-1 - Shutdown completed.
2022-08-22_12-50-57 [main] INFO  o.s.b.t.c.SpringBootTestContextBootstrapper - Neither @ContextConfiguration nor @ContextHierarchy found for test class [com.auth.AuthorizationMicroServiceApplicationTests], using SpringBootContextLoader
2022-08-22_12-50-57 [main] INFO  o.s.t.c.s.AbstractContextLoader - Could not detect default resource locations for test class [com.auth.AuthorizationMicroServiceApplicationTests]: no resource found for suffixes {-context.xml, Context.groovy}.
2022-08-22_12-50-57 [main] INFO  o.s.t.c.s.AnnotationConfigContextLoaderUtils - Could not detect default configuration classes for test class [com.auth.AuthorizationMicroServiceApplicationTests]: AuthorizationMicroServiceApplicationTests does not declare any static, non-private, non-final, nested classes annotated with @Configuration.
2022-08-22_12-50-57 [main] INFO  o.s.b.t.c.SpringBootTestContextBootstrapper - Found @SpringBootConfiguration com.auth.AuthorizationMicroServiceApplication for test class com.auth.AuthorizationMicroServiceApplicationTests
2022-08-22_12-50-57 [main] INFO  o.s.b.t.c.SpringBootTestContextBootstrapper - Loaded default TestExecutionListener class names from location [META-INF/spring.factories]: [org.springframework.boot.test.mock.mockito.MockitoTestExecutionListener, org.springframework.boot.test.mock.mockito.ResetMocksTestExecutionListener, org.springframework.boot.test.autoconfigure.restdocs.RestDocsTestExecutionListener, org.springframework.boot.test.autoconfigure.web.client.MockRestServiceServerResetTestExecutionListener, org.springframework.boot.test.autoconfigure.web.servlet.MockMvcPrintOnlyOnFailureTestExecutionListener, org.springframework.boot.test.autoconfigure.web.servlet.WebDriverTestExecutionListener, org.springframework.boot.test.autoconfigure.webservices.client.MockWebServiceServerTestExecutionListener, org.springframework.test.context.web.ServletTestExecutionListener, org.springframework.test.context.support.DirtiesContextBeforeModesTestExecutionListener, org.springframework.test.context.event.ApplicationEventsTestExecutionListener, org.springframework.test.context.support.DependencyInjectionTestExecutionListener, org.springframework.test.context.support.DirtiesContextTestExecutionListener, org.springframework.test.context.transaction.TransactionalTestExecutionListener, org.springframework.test.context.jdbc.SqlScriptsTestExecutionListener, org.springframework.test.context.event.EventPublishingTestExecutionListener, org.springframework.security.test.context.support.WithSecurityContextTestExecutionListener, org.springframework.security.test.context.support.ReactorContextTestExecutionListener]
2022-08-22_12-50-57 [main] INFO  o.s.b.t.c.SpringBootTestContextBootstrapper - Using TestExecutionListeners: [org.springframework.test.context.web.ServletTestExecutionListener@476aac9, org.springframework.test.context.support.DirtiesContextBeforeModesTestExecutionListener@6cea706c, org.springframework.test.context.event.ApplicationEventsTestExecutionListener@3bd7f8dc, org.springframework.boot.test.mock.mockito.MockitoTestExecutionListener@2f2bf0e2, org.springframework.boot.test.autoconfigure.SpringBootDependencyInjectionTestExecutionListener@1eba372c, org.springframework.test.context.support.DirtiesContextTestExecutionListener@21ec5d87, org.springframework.test.context.transaction.TransactionalTestExecutionListener@25f9407e, org.springframework.test.context.jdbc.SqlScriptsTestExecutionListener@552518c3, org.springframework.test.context.event.EventPublishingTestExecutionListener@1a69561c, org.springframework.security.test.context.support.WithSecurityContextTestExecutionListener@59aa20b3, org.springframework.security.test.context.support.ReactorContextTestExecutionListener@363f6148, org.springframework.boot.test.mock.mockito.ResetMocksTestExecutionListener@4b21844c, org.springframework.boot.test.autoconfigure.restdocs.RestDocsTestExecutionListener@1b28f282, org.springframework.boot.test.autoconfigure.web.client.MockRestServiceServerResetTestExecutionListener@138fe6ec, org.springframework.boot.test.autoconfigure.web.servlet.MockMvcPrintOnlyOnFailureTestExecutionListener@5e77f0f4, org.springframework.boot.test.autoconfigure.web.servlet.WebDriverTestExecutionListener@19b30c92, org.springframework.boot.test.autoconfigure.webservices.client.MockWebServiceServerTestExecutionListener@455351c4]
2022-08-22_12-50-58 [main] INFO  c.a.AuthorizationMicroServiceApplicationTests - Starting AuthorizationMicroServiceApplicationTests using Java 17.0.3 on DESKTOP-KE8A2D8 with PID 16824 (started by msspy in C:\Users\msspy\Desktop\Git Hub PPM\authorization-micro-service)
2022-08-22_12-50-58 [main] INFO  c.a.AuthorizationMicroServiceApplicationTests - No active profile set, falling back to 1 default profile: "default"
2022-08-22_12-50-58 [main] INFO  o.s.d.r.c.RepositoryConfigurationDelegate - Bootstrapping Spring Data JPA repositories in DEFAULT mode.
2022-08-22_12-50-58 [main] INFO  o.s.d.r.c.RepositoryConfigurationDelegate - Finished Spring Data repository scanning in 64 ms. Found 1 JPA repository interfaces.
2022-08-22_12-50-58 [main] INFO  com.zaxxer.hikari.HikariDataSource - HikariPool-1 - Starting...
2022-08-22_12-50-58 [main] INFO  com.zaxxer.hikari.HikariDataSource - HikariPool-1 - Start completed.
2022-08-22_12-50-58 [main] INFO  o.h.jpa.internal.util.LogHelper - HHH000204: Processing PersistenceUnitInfo [name: default]
2022-08-22_12-50-58 [main] INFO  org.hibernate.Version - HHH000412: Hibernate ORM core version 5.6.10.Final
2022-08-22_12-50-58 [main] INFO  o.h.annotations.common.Version - HCANN000001: Hibernate Commons Annotations {5.1.2.Final}
2022-08-22_12-50-58 [main] INFO  org.hibernate.dialect.Dialect - HHH000400: Using dialect: org.hibernate.dialect.H2Dialect
2022-08-22_12-50-58 [main] INFO  o.h.e.t.j.p.i.JtaPlatformInitiator - HHH000490: Using JtaPlatform implementation: [org.hibernate.engine.transaction.jta.platform.internal.NoJtaPlatform]
2022-08-22_12-50-58 [main] INFO  o.s.o.j.LocalContainerEntityManagerFactoryBean - Initialized JPA EntityManagerFactory for persistence unit 'default'
2022-08-22_12-50-58 [main] INFO  o.s.s.web.DefaultSecurityFilterChain - Will secure any request with [org.springframework.security.web.session.DisableEncodeUrlFilter@7841c990, org.springframework.security.web.context.request.async.WebAsyncManagerIntegrationFilter@1e75bef1, org.springframework.security.web.context.SecurityContextPersistenceFilter@3e0a112f, org.springframework.security.web.header.HeaderWriterFilter@3c38e2bf, org.springframework.security.web.authentication.logout.LogoutFilter@67216c33, com.auth.config.JwtRequestFilter@51c4992e, org.springframework.security.web.savedrequest.RequestCacheAwareFilter@740fccd2, org.springframework.security.web.servletapi.SecurityContextHolderAwareRequestFilter@102f3f05, org.springframework.security.web.authentication.AnonymousAuthenticationFilter@169d5567, org.springframework.security.web.session.SessionManagementFilter@2b76ecd5, org.springframework.security.web.access.ExceptionTranslationFilter@17d45cfb, org.springframework.security.web.access.intercept.FilterSecurityInterceptor@811d8d6]
2022-08-22_12-50-58 [main] INFO  o.s.b.a.h.H2ConsoleAutoConfiguration - H2 console available at '/h2'. Database available at 'jdbc:h2:mem:testdb'
2022-08-22_12-50-58 [main] INFO  o.s.b.a.e.web.EndpointLinksResolver - Exposing 1 endpoint(s) beneath base path '/manage'
2022-08-22_12-50-58 [main] INFO  c.a.AuthorizationMicroServiceApplicationTests - Started AuthorizationMicroServiceApplicationTests in 5.947 seconds (JVM running for 7.529)
2022-08-22_12-50-58 [main] INFO  o.s.b.t.c.SpringBootTestContextBootstrapper - Neither @ContextConfiguration nor @ContextHierarchy found for test class [com.auth.config.JwtTokenUtilTest], using SpringBootContextLoader
2022-08-22_12-50-58 [main] INFO  o.s.t.c.s.AbstractContextLoader - Could not detect default resource locations for test class [com.auth.config.JwtTokenUtilTest]: no resource found for suffixes {-context.xml, Context.groovy}.
2022-08-22_12-50-58 [main] INFO  o.s.t.c.s.AnnotationConfigContextLoaderUtils - Could not detect default configuration classes for test class [com.auth.config.JwtTokenUtilTest]: JwtTokenUtilTest does not declare any static, non-private, non-final, nested classes annotated with @Configuration.
2022-08-22_12-50-58 [main] INFO  o.s.b.t.c.SpringBootTestContextBootstrapper - Found @SpringBootConfiguration com.auth.AuthorizationMicroServiceApplication for test class com.auth.config.JwtTokenUtilTest
2022-08-22_12-50-58 [main] INFO  o.s.b.t.c.SpringBootTestContextBootstrapper - Loaded default TestExecutionListener class names from location [META-INF/spring.factories]: [org.springframework.boot.test.mock.mockito.MockitoTestExecutionListener, org.springframework.boot.test.mock.mockito.ResetMocksTestExecutionListener, org.springframework.boot.test.autoconfigure.restdocs.RestDocsTestExecutionListener, org.springframework.boot.test.autoconfigure.web.client.MockRestServiceServerResetTestExecutionListener, org.springframework.boot.test.autoconfigure.web.servlet.MockMvcPrintOnlyOnFailureTestExecutionListener, org.springframework.boot.test.autoconfigure.web.servlet.WebDriverTestExecutionListener, org.springframework.boot.test.autoconfigure.webservices.client.MockWebServiceServerTestExecutionListener, org.springframework.test.context.web.ServletTestExecutionListener, org.springframework.test.context.support.DirtiesContextBeforeModesTestExecutionListener, org.springframework.test.context.event.ApplicationEventsTestExecutionListener, org.springframework.test.context.support.DependencyInjectionTestExecutionListener, org.springframework.test.context.support.DirtiesContextTestExecutionListener, org.springframework.test.context.transaction.TransactionalTestExecutionListener, org.springframework.test.context.jdbc.SqlScriptsTestExecutionListener, org.springframework.test.context.event.EventPublishingTestExecutionListener, org.springframework.security.test.context.support.WithSecurityContextTestExecutionListener, org.springframework.security.test.context.support.ReactorContextTestExecutionListener]
2022-08-22_12-50-58 [main] INFO  o.s.b.t.c.SpringBootTestContextBootstrapper - Using TestExecutionListeners: [org.springframework.test.context.web.ServletTestExecutionListener@2e871e93, org.springframework.test.context.support.DirtiesContextBeforeModesTestExecutionListener@6c2063e0, org.springframework.test.context.event.ApplicationEventsTestExecutionListener@4f3672eb, org.springframework.boot.test.mock.mockito.MockitoTestExecutionListener@22825762, org.springframework.boot.test.autoconfigure.SpringBootDependencyInjectionTestExecutionListener@34e7a627, org.springframework.test.context.support.DirtiesContextTestExecutionListener@5bb7fc38, org.springframework.test.context.transaction.TransactionalTestExecutionListener@27ea7c8f, org.springframework.test.context.jdbc.SqlScriptsTestExecutionListener@17e31657, org.springframework.test.context.event.EventPublishingTestExecutionListener@1e3c4c12, org.springframework.security.test.context.support.WithSecurityContextTestExecutionListener@7a8e35d1, org.springframework.security.test.context.support.ReactorContextTestExecutionListener@e74300b, org.springframework.boot.test.mock.mockito.ResetMocksTestExecutionListener@1aade3c, org.springframework.boot.test.autoconfigure.restdocs.RestDocsTestExecutionListener@7d8a5ec7, org.springframework.boot.test.autoconfigure.web.client.MockRestServiceServerResetTestExecutionListener@76a1cc1a, org.springframework.boot.test.autoconfigure.web.servlet.MockMvcPrintOnlyOnFailureTestExecutionListener@597a5ead, org.springframework.boot.test.autoconfigure.web.servlet.WebDriverTestExecutionListener@e763080, org.springframework.boot.test.autoconfigure.webservices.client.MockWebServiceServerTestExecutionListener@21252bef]
2022-08-22_12-50-58 [main] INFO  o.s.b.t.c.SpringBootTestContextBootstrapper - Neither @ContextConfiguration nor @ContextHierarchy found for test class [com.auth.controller.JwtAuthenticationControllerEndPointsTest], using SpringBootContextLoader
2022-08-22_12-50-58 [main] INFO  o.s.t.c.s.AbstractContextLoader - Could not detect default resource locations for test class [com.auth.controller.JwtAuthenticationControllerEndPointsTest]: no resource found for suffixes {-context.xml, Context.groovy}.
2022-08-22_12-50-58 [main] INFO  o.s.t.c.s.AnnotationConfigContextLoaderUtils - Could not detect default configuration classes for test class [com.auth.controller.JwtAuthenticationControllerEndPointsTest]: JwtAuthenticationControllerEndPointsTest does not declare any static, non-private, non-final, nested classes annotated with @Configuration.
2022-08-22_12-50-58 [main] INFO  o.s.b.t.c.SpringBootTestContextBootstrapper - Found @SpringBootConfiguration com.auth.AuthorizationMicroServiceApplication for test class com.auth.controller.JwtAuthenticationControllerEndPointsTest
2022-08-22_12-50-58 [main] INFO  o.s.b.t.c.SpringBootTestContextBootstrapper - Loaded default TestExecutionListener class names from location [META-INF/spring.factories]: [org.springframework.boot.test.mock.mockito.MockitoTestExecutionListener, org.springframework.boot.test.mock.mockito.ResetMocksTestExecutionListener, org.springframework.boot.test.autoconfigure.restdocs.RestDocsTestExecutionListener, org.springframework.boot.test.autoconfigure.web.client.MockRestServiceServerResetTestExecutionListener, org.springframework.boot.test.autoconfigure.web.servlet.MockMvcPrintOnlyOnFailureTestExecutionListener, org.springframework.boot.test.autoconfigure.web.servlet.WebDriverTestExecutionListener, org.springframework.boot.test.autoconfigure.webservices.client.MockWebServiceServerTestExecutionListener, org.springframework.test.context.web.ServletTestExecutionListener, org.springframework.test.context.support.DirtiesContextBeforeModesTestExecutionListener, org.springframework.test.context.event.ApplicationEventsTestExecutionListener, org.springframework.test.context.support.DependencyInjectionTestExecutionListener, org.springframework.test.context.support.DirtiesContextTestExecutionListener, org.springframework.test.context.transaction.TransactionalTestExecutionListener, org.springframework.test.context.jdbc.SqlScriptsTestExecutionListener, org.springframework.test.context.event.EventPublishingTestExecutionListener, org.springframework.security.test.context.support.WithSecurityContextTestExecutionListener, org.springframework.security.test.context.support.ReactorContextTestExecutionListener]
2022-08-22_12-50-58 [main] INFO  o.s.b.t.c.SpringBootTestContextBootstrapper - Using TestExecutionListeners: [org.springframework.test.context.web.ServletTestExecutionListener@639c5ab4, org.springframework.test.context.support.DirtiesContextBeforeModesTestExecutionListener@272cec71, org.springframework.test.context.event.ApplicationEventsTestExecutionListener@12e8ea81, org.springframework.boot.test.mock.mockito.MockitoTestExecutionListener@6345dc06, org.springframework.boot.test.autoconfigure.SpringBootDependencyInjectionTestExecutionListener@628d6320, org.springframework.test.context.support.DirtiesContextTestExecutionListener@22025464, org.springframework.test.context.transaction.TransactionalTestExecutionListener@77eb0e47, org.springframework.test.context.jdbc.SqlScriptsTestExecutionListener@3a034950, org.springframework.test.context.event.EventPublishingTestExecutionListener@331eb953, org.springframework.security.test.context.support.WithSecurityContextTestExecutionListener@38f7a20, org.springframework.security.test.context.support.ReactorContextTestExecutionListener@2c39c520, org.springframework.boot.test.mock.mockito.ResetMocksTestExecutionListener@c50503e, org.springframework.boot.test.autoconfigure.restdocs.RestDocsTestExecutionListener@4ac2b4c6, org.springframework.boot.test.autoconfigure.web.client.MockRestServiceServerResetTestExecutionListener@326489c4, org.springframework.boot.test.autoconfigure.web.servlet.MockMvcPrintOnlyOnFailureTestExecutionListener@50165a6d, org.springframework.boot.test.autoconfigure.web.servlet.WebDriverTestExecutionListener@5ec921f1, org.springframework.boot.test.autoconfigure.webservices.client.MockWebServiceServerTestExecutionListener@172ca6a]
2022-08-22_12-50-58 [main] INFO  c.a.c.JwtAuthenticationControllerEndPointsTest - Starting JwtAuthenticationControllerEndPointsTest using Java 17.0.3 on DESKTOP-KE8A2D8 with PID 16824 (started by msspy in C:\Users\msspy\Desktop\Git Hub PPM\authorization-micro-service)
2022-08-22_12-50-58 [main] INFO  c.a.c.JwtAuthenticationControllerEndPointsTest - No active profile set, falling back to 1 default profile: "default"
2022-08-22_12-50-58 [main] INFO  o.s.d.r.c.RepositoryConfigurationDelegate - Bootstrapping Spring Data JPA repositories in DEFAULT mode.
2022-08-22_12-50-58 [main] INFO  o.s.d.r.c.RepositoryConfigurationDelegate - Finished Spring Data repository scanning in 15 ms. Found 1 JPA repository interfaces.
2022-08-22_12-50-58 [main] INFO  com.zaxxer.hikari.HikariDataSource - HikariPool-2 - Starting...
2022-08-22_12-50-58 [main] INFO  com.zaxxer.hikari.HikariDataSource - HikariPool-2 - Start completed.
2022-08-22_12-50-58 [main] INFO  o.h.jpa.internal.util.LogHelper - HHH000204: Processing PersistenceUnitInfo [name: default]
2022-08-22_12-50-58 [main] INFO  org.hibernate.dialect.Dialect - HHH000400: Using dialect: org.hibernate.dialect.H2Dialect
2022-08-22_12-50-58 [main] INFO  o.h.e.t.j.p.i.JtaPlatformInitiator - HHH000490: Using JtaPlatform implementation: [org.hibernate.engine.transaction.jta.platform.internal.NoJtaPlatform]
2022-08-22_12-50-58 [main] INFO  o.s.o.j.LocalContainerEntityManagerFactoryBean - Initialized JPA EntityManagerFactory for persistence unit 'default'
2022-08-22_12-50-58 [main] INFO  o.s.s.web.DefaultSecurityFilterChain - Will secure any request with [org.springframework.security.web.session.DisableEncodeUrlFilter@3217e970, org.springframework.security.web.context.request.async.WebAsyncManagerIntegrationFilter@6d0d5147, org.springframework.security.web.context.SecurityContextPersistenceFilter@6eacf3be, org.springframework.security.web.header.HeaderWriterFilter@2202e978, org.springframework.security.web.authentication.logout.LogoutFilter@6b8f1c62, com.auth.config.JwtRequestFilter@415c5469, org.springframework.security.web.savedrequest.RequestCacheAwareFilter@1912ba29, org.springframework.security.web.servletapi.SecurityContextHolderAwareRequestFilter@2c6ed95a, org.springframework.security.web.authentication.AnonymousAuthenticationFilter@1a370c7c, org.springframework.security.web.session.SessionManagementFilter@381ed137, org.springframework.security.web.access.ExceptionTranslationFilter@4867f5cf, org.springframework.security.web.access.intercept.FilterSecurityInterceptor@e8ef60b]
2022-08-22_12-50-58 [main] INFO  o.s.b.a.h.H2ConsoleAutoConfiguration - H2 console available at '/h2'. Database available at 'jdbc:h2:mem:testdb'
2022-08-22_12-50-58 [main] INFO  o.s.b.t.m.w.SpringBootMockServletContext - Initializing Spring TestDispatcherServlet ''
2022-08-22_12-50-58 [main] INFO  o.s.t.w.s.TestDispatcherServlet - Initializing Servlet ''
2022-08-22_12-50-58 [main] INFO  o.s.b.a.e.web.EndpointLinksResolver - Exposing 1 endpoint(s) beneath base path '/manage'
2022-08-22_12-50-58 [main] INFO  o.s.t.w.s.TestDispatcherServlet - Completed initialization in 27 ms
2022-08-22_12-50-58 [main] INFO  c.a.c.JwtAuthenticationControllerEndPointsTest - Started JwtAuthenticationControllerEndPointsTest in 1.625 seconds (JVM running for 9.766)
2022-08-22_12-50-58 [main] INFO  c.a.c.JwtAuthenticationController - =============Inside authenticate Method==========
2022-08-22_12-50-58 [main] INFO  c.a.c.JwtAuthenticationController - Authentication Successful.....
2022-08-22_12-50-58 [main] INFO  c.a.c.JwtAuthenticationController - =============Inside authenticate Method==========
2022-08-22_12-50-58 [main] INFO  c.a.c.JwtAuthenticationController - Authentication Successful.....
2022-08-22_12-50-58 [main] INFO  o.s.b.t.c.SpringBootTestContextBootstrapper - Neither @ContextConfiguration nor @ContextHierarchy found for test class [com.auth.controller.JwtAuthenticationControllerTest], using SpringBootContextLoader
2022-08-22_12-50-58 [main] INFO  o.s.t.c.s.AbstractContextLoader - Could not detect default resource locations for test class [com.auth.controller.JwtAuthenticationControllerTest]: no resource found for suffixes {-context.xml, Context.groovy}.
2022-08-22_12-50-58 [main] INFO  o.s.t.c.s.AnnotationConfigContextLoaderUtils - Could not detect default configuration classes for test class [com.auth.controller.JwtAuthenticationControllerTest]: JwtAuthenticationControllerTest does not declare any static, non-private, non-final, nested classes annotated with @Configuration.
2022-08-22_12-50-58 [main] INFO  o.s.b.t.c.SpringBootTestContextBootstrapper - Found @SpringBootConfiguration com.auth.AuthorizationMicroServiceApplication for test class com.auth.controller.JwtAuthenticationControllerTest
2022-08-22_12-50-58 [main] INFO  o.s.b.t.c.SpringBootTestContextBootstrapper - Loaded default TestExecutionListener class names from location [META-INF/spring.factories]: [org.springframework.boot.test.mock.mockito.MockitoTestExecutionListener, org.springframework.boot.test.mock.mockito.ResetMocksTestExecutionListener, org.springframework.boot.test.autoconfigure.restdocs.RestDocsTestExecutionListener, org.springframework.boot.test.autoconfigure.web.client.MockRestServiceServerResetTestExecutionListener, org.springframework.boot.test.autoconfigure.web.servlet.MockMvcPrintOnlyOnFailureTestExecutionListener, org.springframework.boot.test.autoconfigure.web.servlet.WebDriverTestExecutionListener, org.springframework.boot.test.autoconfigure.webservices.client.MockWebServiceServerTestExecutionListener, org.springframework.test.context.web.ServletTestExecutionListener, org.springframework.test.context.support.DirtiesContextBeforeModesTestExecutionListener, org.springframework.test.context.event.ApplicationEventsTestExecutionListener, org.springframework.test.context.support.DependencyInjectionTestExecutionListener, org.springframework.test.context.support.DirtiesContextTestExecutionListener, org.springframework.test.context.transaction.TransactionalTestExecutionListener, org.springframework.test.context.jdbc.SqlScriptsTestExecutionListener, org.springframework.test.context.event.EventPublishingTestExecutionListener, org.springframework.security.test.context.support.WithSecurityContextTestExecutionListener, org.springframework.security.test.context.support.ReactorContextTestExecutionListener]
2022-08-22_12-50-58 [main] INFO  o.s.b.t.c.SpringBootTestContextBootstrapper - Using TestExecutionListeners: [org.springframework.test.context.web.ServletTestExecutionListener@1849d35a, org.springframework.test.context.support.DirtiesContextBeforeModesTestExecutionListener@2154de40, org.springframework.test.context.event.ApplicationEventsTestExecutionListener@41a940a9, org.springframework.boot.test.mock.mockito.MockitoTestExecutionListener@423e35f0, org.springframework.boot.test.autoconfigure.SpringBootDependencyInjectionTestExecutionListener@14bbfdee, org.springframework.test.context.support.DirtiesContextTestExecutionListener@139a97e7, org.springframework.test.context.transaction.TransactionalTestExecutionListener@18bd3135, org.springframework.test.context.jdbc.SqlScriptsTestExecutionListener@2b1f0667, org.springframework.test.context.event.EventPublishingTestExecutionListener@6000ca67, org.springframework.security.test.context.support.WithSecurityContextTestExecutionListener@27e25c2f, org.springframework.security.test.context.support.ReactorContextTestExecutionListener@56a7f57f, org.springframework.boot.test.mock.mockito.ResetMocksTestExecutionListener@5d8edf2, org.springframework.boot.test.autoconfigure.restdocs.RestDocsTestExecutionListener@636d4cdc, org.springframework.boot.test.autoconfigure.web.client.MockRestServiceServerResetTestExecutionListener@565b77ba, org.springframework.boot.test.autoconfigure.web.servlet.MockMvcPrintOnlyOnFailureTestExecutionListener@3f3e6c03, org.springframework.boot.test.autoconfigure.web.servlet.WebDriverTestExecutionListener@7d4bb16b, org.springframework.boot.test.autoconfigure.webservices.client.MockWebServiceServerTestExecutionListener@74c919b2]
2022-08-22_12-50-58 [main] INFO  o.s.b.t.c.SpringBootTestContextBootstrapper - Neither @ContextConfiguration nor @ContextHierarchy found for test class [com.auth.exception.AuthorizationExceptionTest], using SpringBootContextLoader
2022-08-22_12-50-58 [main] INFO  o.s.t.c.s.AbstractContextLoader - Could not detect default resource locations for test class [com.auth.exception.AuthorizationExceptionTest]: no resource found for suffixes {-context.xml, Context.groovy}.
2022-08-22_12-50-58 [main] INFO  o.s.t.c.s.AnnotationConfigContextLoaderUtils - Could not detect default configuration classes for test class [com.auth.exception.AuthorizationExceptionTest]: AuthorizationExceptionTest does not declare any static, non-private, non-final, nested classes annotated with @Configuration.
2022-08-22_12-50-58 [main] INFO  o.s.b.t.c.SpringBootTestContextBootstrapper - Found @SpringBootConfiguration com.auth.AuthorizationMicroServiceApplication for test class com.auth.exception.AuthorizationExceptionTest
2022-08-22_12-50-58 [main] INFO  o.s.b.t.c.SpringBootTestContextBootstrapper - Loaded default TestExecutionListener class names from location [META-INF/spring.factories]: [org.springframework.boot.test.mock.mockito.MockitoTestExecutionListener, org.springframework.boot.test.mock.mockito.ResetMocksTestExecutionListener, org.springframework.boot.test.autoconfigure.restdocs.RestDocsTestExecutionListener, org.springframework.boot.test.autoconfigure.web.client.MockRestServiceServerResetTestExecutionListener, org.springframework.boot.test.autoconfigure.web.servlet.MockMvcPrintOnlyOnFailureTestExecutionListener, org.springframework.boot.test.autoconfigure.web.servlet.WebDriverTestExecutionListener, org.springframework.boot.test.autoconfigure.webservices.client.MockWebServiceServerTestExecutionListener, org.springframework.test.context.web.ServletTestExecutionListener, org.springframework.test.context.support.DirtiesContextBeforeModesTestExecutionListener, org.springframework.test.context.event.ApplicationEventsTestExecutionListener, org.springframework.test.context.support.DependencyInjectionTestExecutionListener, org.springframework.test.context.support.DirtiesContextTestExecutionListener, org.springframework.test.context.transaction.TransactionalTestExecutionListener, org.springframework.test.context.jdbc.SqlScriptsTestExecutionListener, org.springframework.test.context.event.EventPublishingTestExecutionListener, org.springframework.security.test.context.support.WithSecurityContextTestExecutionListener, org.springframework.security.test.context.support.ReactorContextTestExecutionListener]
2022-08-22_12-50-58 [main] INFO  o.s.b.t.c.SpringBootTestContextBootstrapper - Using TestExecutionListeners: [org.springframework.test.context.web.ServletTestExecutionListener@aee3d6e, org.springframework.test.context.support.DirtiesContextBeforeModesTestExecutionListener@2b8106fa, org.springframework.test.context.event.ApplicationEventsTestExecutionListener@57e6f449, org.springframework.boot.test.mock.mockito.MockitoTestExecutionListener@3a649f9a, org.springframework.boot.test.autoconfigure.SpringBootDependencyInjectionTestExecutionListener@419ac0f5, org.springframework.test.context.support.DirtiesContextTestExecutionListener@628fa8ea, org.springframework.test.context.transaction.TransactionalTestExecutionListener@2ab4c4e, org.springframework.test.context.jdbc.SqlScriptsTestExecutionListener@1cad8bce, org.springframework.test.context.event.EventPublishingTestExecutionListener@ba77dc6, org.springframework.security.test.context.support.WithSecurityContextTestExecutionListener@14f05ca0, org.springframework.security.test.context.support.ReactorContextTestExecutionListener@4ce1ab4c, org.springframework.boot.test.mock.mockito.ResetMocksTestExecutionListener@3c62bae5, org.springframework.boot.test.autoconfigure.restdocs.RestDocsTestExecutionListener@c9ba9e2, org.springframework.boot.test.autoconfigure.web.client.MockRestServiceServerResetTestExecutionListener@1a18e18d, org.springframework.boot.test.autoconfigure.web.servlet.MockMvcPrintOnlyOnFailureTestExecutionListener@5b628249, org.springframework.boot.test.autoconfigure.web.servlet.WebDriverTestExecutionListener@727eae52, org.springframework.boot.test.autoconfigure.webservices.client.MockWebServiceServerTestExecutionListener@237bdd46]
2022-08-22_12-50-58 [main] INFO  c.a.e.AuthorizationExceptionTest - Starting AuthorizationExceptionTest using Java 17.0.3 on DESKTOP-KE8A2D8 with PID 16824 (started by msspy in C:\Users\msspy\Desktop\Git Hub PPM\authorization-micro-service)
2022-08-22_12-50-58 [main] INFO  c.a.e.AuthorizationExceptionTest - No active profile set, falling back to 1 default profile: "default"
2022-08-22_12-50-58 [main] INFO  o.s.d.r.c.RepositoryConfigurationDelegate - Bootstrapping Spring Data JPA repositories in DEFAULT mode.
2022-08-22_12-50-58 [main] INFO  o.s.d.r.c.RepositoryConfigurationDelegate - Finished Spring Data repository scanning in 25 ms. Found 1 JPA repository interfaces.
2022-08-22_12-50-58 [main] INFO  com.zaxxer.hikari.HikariDataSource - HikariPool-3 - Starting...
2022-08-22_12-50-58 [main] INFO  com.zaxxer.hikari.HikariDataSource - HikariPool-3 - Start completed.
2022-08-22_12-50-58 [main] INFO  o.h.jpa.internal.util.LogHelper - HHH000204: Processing PersistenceUnitInfo [name: default]
2022-08-22_12-50-58 [main] INFO  org.hibernate.dialect.Dialect - HHH000400: Using dialect: org.hibernate.dialect.H2Dialect
2022-08-22_12-50-58 [main] INFO  o.h.e.t.j.p.i.JtaPlatformInitiator - HHH000490: Using JtaPlatform implementation: [org.hibernate.engine.transaction.jta.platform.internal.NoJtaPlatform]
2022-08-22_12-50-58 [main] INFO  o.s.o.j.LocalContainerEntityManagerFactoryBean - Initialized JPA EntityManagerFactory for persistence unit 'default'
2022-08-22_12-50-58 [main] INFO  o.s.s.web.DefaultSecurityFilterChain - Will secure any request with [org.springframework.security.web.session.DisableEncodeUrlFilter@6b5f91a5, org.springframework.security.web.context.request.async.WebAsyncManagerIntegrationFilter@375dc95c, org.springframework.security.web.context.SecurityContextPersistenceFilter@2810d9, org.springframework.security.web.header.HeaderWriterFilter@4f94b2a8, org.springframework.security.web.authentication.logout.LogoutFilter@76aab1e3, com.auth.config.JwtRequestFilter@5748638c, org.springframework.security.web.savedrequest.RequestCacheAwareFilter@408f3054, org.springframework.security.web.servletapi.SecurityContextHolderAwareRequestFilter@2a64cb1f, org.springframework.security.web.authentication.AnonymousAuthenticationFilter@33ef701e, org.springframework.security.web.session.SessionManagementFilter@2f26634a, org.springframework.security.web.access.ExceptionTranslationFilter@2d1dbf4f, org.springframework.security.web.access.intercept.FilterSecurityInterceptor@34c31a34]
2022-08-22_12-50-58 [main] INFO  o.s.b.a.h.H2ConsoleAutoConfiguration - H2 console available at '/h2'. Database available at 'jdbc:h2:mem:testdb'
2022-08-22_12-50-58 [main] INFO  o.s.b.t.m.w.SpringBootMockServletContext - Initializing Spring TestDispatcherServlet ''
2022-08-22_12-50-58 [main] INFO  o.s.t.w.s.TestDispatcherServlet - Initializing Servlet ''
2022-08-22_12-50-58 [main] INFO  o.s.b.a.e.web.EndpointLinksResolver - Exposing 1 endpoint(s) beneath base path '/manage'
2022-08-22_12-50-58 [main] INFO  o.s.t.w.s.TestDispatcherServlet - Completed initialization in 34 ms
2022-08-22_12-50-58 [main] INFO  c.a.e.AuthorizationExceptionTest - Started AuthorizationExceptionTest in 1.56 seconds (JVM running for 11.661)
2022-08-22_12-50-58 [main] INFO  o.s.b.t.c.SpringBootTestContextBootstrapper - Neither @ContextConfiguration nor @ContextHierarchy found for test class [com.auth.exception.ExceptionDetailsTest], using SpringBootContextLoader
2022-08-22_12-50-58 [main] INFO  o.s.t.c.s.AbstractContextLoader - Could not detect default resource locations for test class [com.auth.exception.ExceptionDetailsTest]: no resource found for suffixes {-context.xml, Context.groovy}.
2022-08-22_12-50-58 [main] INFO  o.s.t.c.s.AnnotationConfigContextLoaderUtils - Could not detect default configuration classes for test class [com.auth.exception.ExceptionDetailsTest]: ExceptionDetailsTest does not declare any static, non-private, non-final, nested classes annotated with @Configuration.
2022-08-22_12-50-58 [main] INFO  o.s.b.t.c.SpringBootTestContextBootstrapper - Found @SpringBootConfiguration com.auth.AuthorizationMicroServiceApplication for test class com.auth.exception.ExceptionDetailsTest
2022-08-22_12-50-58 [main] INFO  o.s.b.t.c.SpringBootTestContextBootstrapper - Loaded default TestExecutionListener class names from location [META-INF/spring.factories]: [org.springframework.boot.test.mock.mockito.MockitoTestExecutionListener, org.springframework.boot.test.mock.mockito.ResetMocksTestExecutionListener, org.springframework.boot.test.autoconfigure.restdocs.RestDocsTestExecutionListener, org.springframework.boot.test.autoconfigure.web.client.MockRestServiceServerResetTestExecutionListener, org.springframework.boot.test.autoconfigure.web.servlet.MockMvcPrintOnlyOnFailureTestExecutionListener, org.springframework.boot.test.autoconfigure.web.servlet.WebDriverTestExecutionListener, org.springframework.boot.test.autoconfigure.webservices.client.MockWebServiceServerTestExecutionListener, org.springframework.test.context.web.ServletTestExecutionListener, org.springframework.test.context.support.DirtiesContextBeforeModesTestExecutionListener, org.springframework.test.context.event.ApplicationEventsTestExecutionListener, org.springframework.test.context.support.DependencyInjectionTestExecutionListener, org.springframework.test.context.support.DirtiesContextTestExecutionListener, org.springframework.test.context.transaction.TransactionalTestExecutionListener, org.springframework.test.context.jdbc.SqlScriptsTestExecutionListener, org.springframework.test.context.event.EventPublishingTestExecutionListener, org.springframework.security.test.context.support.WithSecurityContextTestExecutionListener, org.springframework.security.test.context.support.ReactorContextTestExecutionListener]
2022-08-22_12-50-58 [main] INFO  o.s.b.t.c.SpringBootTestContextBootstrapper - Using TestExecutionListeners: [org.springframework.test.context.web.ServletTestExecutionListener@fabe3f8, org.springframework.test.context.support.DirtiesContextBeforeModesTestExecutionListener@11a88d87, org.springframework.test.context.event.ApplicationEventsTestExecutionListener@ce24a98, org.springframework.boot.test.mock.mockito.MockitoTestExecutionListener@496101d1, org.springframework.boot.test.autoconfigure.SpringBootDependencyInjectionTestExecutionListener@19858f26, org.springframework.test.context.support.DirtiesContextTestExecutionListener@4c14ed24, org.springframework.test.context.transaction.TransactionalTestExecutionListener@523cc8b4, org.springframework.test.context.jdbc.SqlScriptsTestExecutionListener@139224ab, org.springframework.test.context.event.EventPublishingTestExecutionListener@26db7540, org.springframework.security.test.context.support.WithSecurityContextTestExecutionListener@4dcdc172, org.springframework.security.test.context.support.ReactorContextTestExecutionListener@7900d917, org.springframework.boot.test.mock.mockito.ResetMocksTestExecutionListener@7bb50de0, org.springframework.boot.test.autoconfigure.restdocs.RestDocsTestExecutionListener@63916a3, org.springframework.boot.test.autoconfigure.web.client.MockRestServiceServerResetTestExecutionListener@25dc8147, org.springframework.boot.test.autoconfigure.web.servlet.MockMvcPrintOnlyOnFailureTestExecutionListener@5aeb2c8a, org.springframework.boot.test.autoconfigure.web.servlet.WebDriverTestExecutionListener@962e03a, org.springframework.boot.test.autoconfigure.webservices.client.MockWebServiceServerTestExecutionListener@472073bb]
2022-08-22_12-50-58 [main] INFO  o.s.b.t.c.SpringBootTestContextBootstrapper - Neither @ContextConfiguration nor @ContextHierarchy found for test class [com.auth.exception.GlobalExceptionHandlerTest], using SpringBootContextLoader
2022-08-22_12-50-58 [main] INFO  o.s.t.c.s.AbstractContextLoader - Could not detect default resource locations for test class [com.auth.exception.GlobalExceptionHandlerTest]: no resource found for suffixes {-context.xml, Context.groovy}.
2022-08-22_12-50-58 [main] INFO  o.s.t.c.s.AnnotationConfigContextLoaderUtils - Could not detect default configuration classes for test class [com.auth.exception.GlobalExceptionHandlerTest]: GlobalExceptionHandlerTest does not declare any static, non-private, non-final, nested classes annotated with @Configuration.
2022-08-22_12-50-58 [main] INFO  o.s.b.t.c.SpringBootTestContextBootstrapper - Found @SpringBootConfiguration com.auth.AuthorizationMicroServiceApplication for test class com.auth.exception.GlobalExceptionHandlerTest
2022-08-22_12-50-58 [main] INFO  o.s.b.t.c.SpringBootTestContextBootstrapper - Loaded default TestExecutionListener class names from location [META-INF/spring.factories]: [org.springframework.boot.test.mock.mockito.MockitoTestExecutionListener, org.springframework.boot.test.mock.mockito.ResetMocksTestExecutionListener, org.springframework.boot.test.autoconfigure.restdocs.RestDocsTestExecutionListener, org.springframework.boot.test.autoconfigure.web.client.MockRestServiceServerResetTestExecutionListener, org.springframework.boot.test.autoconfigure.web.servlet.MockMvcPrintOnlyOnFailureTestExecutionListener, org.springframework.boot.test.autoconfigure.web.servlet.WebDriverTestExecutionListener, org.springframework.boot.test.autoconfigure.webservices.client.MockWebServiceServerTestExecutionListener, org.springframework.test.context.web.ServletTestExecutionListener, org.springframework.test.context.support.DirtiesContextBeforeModesTestExecutionListener, org.springframework.test.context.event.ApplicationEventsTestExecutionListener, org.springframework.test.context.support.DependencyInjectionTestExecutionListener, org.springframework.test.context.support.DirtiesContextTestExecutionListener, org.springframework.test.context.transaction.TransactionalTestExecutionListener, org.springframework.test.context.jdbc.SqlScriptsTestExecutionListener, org.springframework.test.context.event.EventPublishingTestExecutionListener, org.springframework.security.test.context.support.WithSecurityContextTestExecutionListener, org.springframework.security.test.context.support.ReactorContextTestExecutionListener]
2022-08-22_12-50-58 [main] INFO  o.s.b.t.c.SpringBootTestContextBootstrapper - Using TestExecutionListeners: [org.springframework.test.context.web.ServletTestExecutionListener@f341e3c, org.springframework.test.context.support.DirtiesContextBeforeModesTestExecutionListener@7c8ecc27, org.springframework.test.context.event.ApplicationEventsTestExecutionListener@5f8089d2, org.springframework.boot.test.mock.mockito.MockitoTestExecutionListener@6e1ac80e, org.springframework.boot.test.autoconfigure.SpringBootDependencyInjectionTestExecutionListener@4170ee0f, org.springframework.test.context.support.DirtiesContextTestExecutionListener@4b95fdf2, org.springframework.test.context.transaction.TransactionalTestExecutionListener@1080234b, org.springframework.test.context.jdbc.SqlScriptsTestExecutionListener@28e2d3ed, org.springframework.test.context.event.EventPublishingTestExecutionListener@6e245068, org.springframework.security.test.context.support.WithSecurityContextTestExecutionListener@aba4a33, org.springframework.security.test.context.support.ReactorContextTestExecutionListener@1bb1ba54, org.springframework.boot.test.mock.mockito.ResetMocksTestExecutionListener@25727f74, org.springframework.boot.test.autoconfigure.restdocs.RestDocsTestExecutionListener@6999dca2, org.springframework.boot.test.autoconfigure.web.client.MockRestServiceServerResetTestExecutionListener@312af870, org.springframework.boot.test.autoconfigure.web.servlet.MockMvcPrintOnlyOnFailureTestExecutionListener@27df971b, org.springframework.boot.test.autoconfigure.web.servlet.WebDriverTestExecutionListener@1160c54b, org.springframework.boot.test.autoconfigure.webservices.client.MockWebServiceServerTestExecutionListener@363b7709]
2022-08-22_12-50-58 [main] INFO  o.s.b.t.c.SpringBootTestContextBootstrapper - Neither @ContextConfiguration nor @ContextHierarchy found for test class [com.auth.model.JwtRequestTest], using SpringBootContextLoader
2022-08-22_12-50-58 [main] INFO  o.s.t.c.s.AbstractContextLoader - Could not detect default resource locations for test class [com.auth.model.JwtRequestTest]: no resource found for suffixes {-context.xml, Context.groovy}.
2022-08-22_12-50-58 [main] INFO  o.s.t.c.s.AnnotationConfigContextLoaderUtils - Could not detect default configuration classes for test class [com.auth.model.JwtRequestTest]: JwtRequestTest does not declare any static, non-private, non-final, nested classes annotated with @Configuration.
2022-08-22_12-50-58 [main] INFO  o.s.b.t.c.SpringBootTestContextBootstrapper - Found @SpringBootConfiguration com.auth.AuthorizationMicroServiceApplication for test class com.auth.model.JwtRequestTest
2022-08-22_12-50-58 [main] INFO  o.s.b.t.c.SpringBootTestContextBootstrapper - Loaded default TestExecutionListener class names from location [META-INF/spring.factories]: [org.springframework.boot.test.mock.mockito.MockitoTestExecutionListener, org.springframework.boot.test.mock.mockito.ResetMocksTestExecutionListener, org.springframework.boot.test.autoconfigure.restdocs.RestDocsTestExecutionListener, org.springframework.boot.test.autoconfigure.web.client.MockRestServiceServerResetTestExecutionListener, org.springframework.boot.test.autoconfigure.web.servlet.MockMvcPrintOnlyOnFailureTestExecutionListener, org.springframework.boot.test.autoconfigure.web.servlet.WebDriverTestExecutionListener, org.springframework.boot.test.autoconfigure.webservices.client.MockWebServiceServerTestExecutionListener, org.springframework.test.context.web.ServletTestExecutionListener, org.springframework.test.context.support.DirtiesContextBeforeModesTestExecutionListener, org.springframework.test.context.event.ApplicationEventsTestExecutionListener, org.springframework.test.context.support.DependencyInjectionTestExecutionListener, org.springframework.test.context.support.DirtiesContextTestExecutionListener, org.springframework.test.context.transaction.TransactionalTestExecutionListener, org.springframework.test.context.jdbc.SqlScriptsTestExecutionListener, org.springframework.test.context.event.EventPublishingTestExecutionListener, org.springframework.security.test.context.support.WithSecurityContextTestExecutionListener, org.springframework.security.test.context.support.ReactorContextTestExecutionListener]
2022-08-22_12-50-58 [main] INFO  o.s.b.t.c.SpringBootTestContextBootstrapper - Using TestExecutionListeners: [org.springframework.test.context.web.ServletTestExecutionListener@50fbb66a, org.springframework.test.context.support.DirtiesContextBeforeModesTestExecutionListener@12bb0322, org.springframework.test.context.event.ApplicationEventsTestExecutionListener@466fb9be, org.springframework.boot.test.mock.mockito.MockitoTestExecutionListener@282c3aa0, org.springframework.boot.test.autoconfigure.SpringBootDependencyInjectionTestExecutionListener@25699129, org.springframework.test.context.support.DirtiesContextTestExecutionListener@6f0124b5, org.springframework.test.context.transaction.TransactionalTestExecutionListener@5498d2a2, org.springframework.test.context.jdbc.SqlScriptsTestExecutionListener@1d280bab, org.springframework.test.context.event.EventPublishingTestExecutionListener@74a121fe, org.springframework.security.test.context.support.WithSecurityContextTestExecutionListener@12639753, org.springframework.security.test.context.support.ReactorContextTestExecutionListener@7c5a7f, org.springframework.boot.test.mock.mockito.ResetMocksTestExecutionListener@5dd47c88, org.springframework.boot.test.autoconfigure.restdocs.RestDocsTestExecutionListener@2087181d, org.springframework.boot.test.autoconfigure.web.client.MockRestServiceServerResetTestExecutionListener@2e50ca51, org.springframework.boot.test.autoconfigure.web.servlet.MockMvcPrintOnlyOnFailureTestExecutionListener@4c1dc246, org.springframework.boot.test.autoconfigure.web.servlet.WebDriverTestExecutionListener@3253d771, org.springframework.boot.test.autoconfigure.webservices.client.MockWebServiceServerTestExecutionListener@2a0c76d6]
2022-08-22_12-50-58 [main] INFO  o.s.b.t.c.SpringBootTestContextBootstrapper - Neither @ContextConfiguration nor @ContextHierarchy found for test class [com.auth.model.JwtResponseTest], using SpringBootContextLoader
2022-08-22_12-50-58 [main] INFO  o.s.t.c.s.AbstractContextLoader - Could not detect default resource locations for test class [com.auth.model.JwtResponseTest]: no resource found for suffixes {-context.xml, Context.groovy}.
2022-08-22_12-50-58 [main] INFO  o.s.t.c.s.AnnotationConfigContextLoaderUtils - Could not detect default configuration classes for test class [com.auth.model.JwtResponseTest]: JwtResponseTest does not declare any static, non-private, non-final, nested classes annotated with @Configuration.
2022-08-22_12-50-58 [main] INFO  o.s.b.t.c.SpringBootTestContextBootstrapper - Found @SpringBootConfiguration com.auth.AuthorizationMicroServiceApplication for test class com.auth.model.JwtResponseTest
2022-08-22_12-50-58 [main] INFO  o.s.b.t.c.SpringBootTestContextBootstrapper - Loaded default TestExecutionListener class names from location [META-INF/spring.factories]: [org.springframework.boot.test.mock.mockito.MockitoTestExecutionListener, org.springframework.boot.test.mock.mockito.ResetMocksTestExecutionListener, org.springframework.boot.test.autoconfigure.restdocs.RestDocsTestExecutionListener, org.springframework.boot.test.autoconfigure.web.client.MockRestServiceServerResetTestExecutionListener, org.springframework.boot.test.autoconfigure.web.servlet.MockMvcPrintOnlyOnFailureTestExecutionListener, org.springframework.boot.test.autoconfigure.web.servlet.WebDriverTestExecutionListener, org.springframework.boot.test.autoconfigure.webservices.client.MockWebServiceServerTestExecutionListener, org.springframework.test.context.web.ServletTestExecutionListener, org.springframework.test.context.support.DirtiesContextBeforeModesTestExecutionListener, org.springframework.test.context.event.ApplicationEventsTestExecutionListener, org.springframework.test.context.support.DependencyInjectionTestExecutionListener, org.springframework.test.context.support.DirtiesContextTestExecutionListener, org.springframework.test.context.transaction.TransactionalTestExecutionListener, org.springframework.test.context.jdbc.SqlScriptsTestExecutionListener, org.springframework.test.context.event.EventPublishingTestExecutionListener, org.springframework.security.test.context.support.WithSecurityContextTestExecutionListener, org.springframework.security.test.context.support.ReactorContextTestExecutionListener]
2022-08-22_12-50-58 [main] INFO  o.s.b.t.c.SpringBootTestContextBootstrapper - Using TestExecutionListeners: [org.springframework.test.context.web.ServletTestExecutionListener@f58011d, org.springframework.test.context.support.DirtiesContextBeforeModesTestExecutionListener@5fb0c234, org.springframework.test.context.event.ApplicationEventsTestExecutionListener@6cf7de4e, org.springframework.boot.test.mock.mockito.MockitoTestExecutionListener@40c4b938, org.springframework.boot.test.autoconfigure.SpringBootDependencyInjectionTestExecutionListener@f5b08d4, org.springframework.test.context.support.DirtiesContextTestExecutionListener@56a3da69, org.springframework.test.context.transaction.TransactionalTestExecutionListener@4746b5d, org.springframework.test.context.jdbc.SqlScriptsTestExecutionListener@611c1f92, org.springframework.test.context.event.EventPublishingTestExecutionListener@3656a6cd, org.springframework.security.test.context.support.WithSecurityContextTestExecutionListener@7eee42fc, org.springframework.security.test.context.support.ReactorContextTestExecutionListener@5967f0ff, org.springframework.boot.test.mock.mockito.ResetMocksTestExecutionListener@580694ce, org.springframework.boot.test.autoconfigure.restdocs.RestDocsTestExecutionListener@5be521cd, org.springframework.boot.test.autoconfigure.web.client.MockRestServiceServerResetTestExecutionListener@579071ef, org.springframework.boot.test.autoconfigure.web.servlet.MockMvcPrintOnlyOnFailureTestExecutionListener@311683ea, org.springframework.boot.test.autoconfigure.web.servlet.WebDriverTestExecutionListener@5d5ad1e2, org.springframework.boot.test.autoconfigure.webservices.client.MockWebServiceServerTestExecutionListener@2fc378cd]
2022-08-22_12-50-58 [main] INFO  o.s.b.t.c.SpringBootTestContextBootstrapper - Neither @ContextConfiguration nor @ContextHierarchy found for test class [com.auth.model.UserModelTest], using SpringBootContextLoader
2022-08-22_12-50-58 [main] INFO  o.s.t.c.s.AbstractContextLoader - Could not detect default resource locations for test class [com.auth.model.UserModelTest]: no resource found for suffixes {-context.xml, Context.groovy}.
2022-08-22_12-50-58 [main] INFO  o.s.t.c.s.AnnotationConfigContextLoaderUtils - Could not detect default configuration classes for test class [com.auth.model.UserModelTest]: UserModelTest does not declare any static, non-private, non-final, nested classes annotated with @Configuration.
2022-08-22_12-50-58 [main] INFO  o.s.b.t.c.SpringBootTestContextBootstrapper - Found @SpringBootConfiguration com.auth.AuthorizationMicroServiceApplication for test class com.auth.model.UserModelTest
2022-08-22_12-50-58 [main] INFO  o.s.b.t.c.SpringBootTestContextBootstrapper - Loaded default TestExecutionListener class names from location [META-INF/spring.factories]: [org.springframework.boot.test.mock.mockito.MockitoTestExecutionListener, org.springframework.boot.test.mock.mockito.ResetMocksTestExecutionListener, org.springframework.boot.test.autoconfigure.restdocs.RestDocsTestExecutionListener, org.springframework.boot.test.autoconfigure.web.client.MockRestServiceServerResetTestExecutionListener, org.springframework.boot.test.autoconfigure.web.servlet.MockMvcPrintOnlyOnFailureTestExecutionListener, org.springframework.boot.test.autoconfigure.web.servlet.WebDriverTestExecutionListener, org.springframework.boot.test.autoconfigure.webservices.client.MockWebServiceServerTestExecutionListener, org.springframework.test.context.web.ServletTestExecutionListener, org.springframework.test.context.support.DirtiesContextBeforeModesTestExecutionListener, org.springframework.test.context.event.ApplicationEventsTestExecutionListener, org.springframework.test.context.support.DependencyInjectionTestExecutionListener, org.springframework.test.context.support.DirtiesContextTestExecutionListener, org.springframework.test.context.transaction.TransactionalTestExecutionListener, org.springframework.test.context.jdbc.SqlScriptsTestExecutionListener, org.springframework.test.context.event.EventPublishingTestExecutionListener, org.springframework.security.test.context.support.WithSecurityContextTestExecutionListener, org.springframework.security.test.context.support.ReactorContextTestExecutionListener]
2022-08-22_12-50-58 [main] INFO  o.s.b.t.c.SpringBootTestContextBootstrapper - Using TestExecutionListeners: [org.springframework.test.context.web.ServletTestExecutionListener@1d9e511c, org.springframework.test.context.support.DirtiesContextBeforeModesTestExecutionListener@63cfd703, org.springframework.test.context.event.ApplicationEventsTestExecutionListener@3b93d874, org.springframework.boot.test.mock.mockito.MockitoTestExecutionListener@72b88762, org.springframework.boot.test.autoconfigure.SpringBootDependencyInjectionTestExecutionListener@1d413e98, org.springframework.test.context.support.DirtiesContextTestExecutionListener@2b85fc, org.springframework.test.context.transaction.TransactionalTestExecutionListener@255eadf5, org.springframework.test.context.jdbc.SqlScriptsTestExecutionListener@13ebbdab, org.springframework.test.context.event.EventPublishingTestExecutionListener@74af4b0, org.springframework.security.test.context.support.WithSecurityContextTestExecutionListener@5b1295c0, org.springframework.security.test.context.support.ReactorContextTestExecutionListener@bf3aa52, org.springframework.boot.test.mock.mockito.ResetMocksTestExecutionListener@45bb5862, org.springframework.boot.test.autoconfigure.restdocs.RestDocsTestExecutionListener@1504db11, org.springframework.boot.test.autoconfigure.web.client.MockRestServiceServerResetTestExecutionListener@5a77e0e4, org.springframework.boot.test.autoconfigure.web.servlet.MockMvcPrintOnlyOnFailureTestExecutionListener@4cc070c2, org.springframework.boot.test.autoconfigure.web.servlet.WebDriverTestExecutionListener@53a74970, org.springframework.boot.test.autoconfigure.webservices.client.MockWebServiceServerTestExecutionListener@60c8cc46]
2022-08-22_12-50-58 [main] INFO  o.s.b.t.c.SpringBootTestContextBootstrapper - Neither @ContextConfiguration nor @ContextHierarchy found for test class [com.auth.repository.UserDaoTest], using SpringBootContextLoader
2022-08-22_12-50-58 [main] INFO  o.s.t.c.s.AbstractContextLoader - Could not detect default resource locations for test class [com.auth.repository.UserDaoTest]: no resource found for suffixes {-context.xml, Context.groovy}.
2022-08-22_12-50-58 [main] INFO  o.s.t.c.s.AnnotationConfigContextLoaderUtils - Could not detect default configuration classes for test class [com.auth.repository.UserDaoTest]: UserDaoTest does not declare any static, non-private, non-final, nested classes annotated with @Configuration.
2022-08-22_12-50-58 [main] INFO  o.s.b.t.c.SpringBootTestContextBootstrapper - Found @SpringBootConfiguration com.auth.AuthorizationMicroServiceApplication for test class com.auth.repository.UserDaoTest
2022-08-22_12-50-58 [main] INFO  o.s.b.t.c.SpringBootTestContextBootstrapper - Loaded default TestExecutionListener class names from location [META-INF/spring.factories]: [org.springframework.boot.test.mock.mockito.MockitoTestExecutionListener, org.springframework.boot.test.mock.mockito.ResetMocksTestExecutionListener, org.springframework.boot.test.autoconfigure.restdocs.RestDocsTestExecutionListener, org.springframework.boot.test.autoconfigure.web.client.MockRestServiceServerResetTestExecutionListener, org.springframework.boot.test.autoconfigure.web.servlet.MockMvcPrintOnlyOnFailureTestExecutionListener, org.springframework.boot.test.autoconfigure.web.servlet.WebDriverTestExecutionListener, org.springframework.boot.test.autoconfigure.webservices.client.MockWebServiceServerTestExecutionListener, org.springframework.test.context.web.ServletTestExecutionListener, org.springframework.test.context.support.DirtiesContextBeforeModesTestExecutionListener, org.springframework.test.context.event.ApplicationEventsTestExecutionListener, org.springframework.test.context.support.DependencyInjectionTestExecutionListener, org.springframework.test.context.support.DirtiesContextTestExecutionListener, org.springframework.test.context.transaction.TransactionalTestExecutionListener, org.springframework.test.context.jdbc.SqlScriptsTestExecutionListener, org.springframework.test.context.event.EventPublishingTestExecutionListener, org.springframework.security.test.context.support.WithSecurityContextTestExecutionListener, org.springframework.security.test.context.support.ReactorContextTestExecutionListener]
2022-08-22_12-50-58 [main] INFO  o.s.b.t.c.SpringBootTestContextBootstrapper - Using TestExecutionListeners: [org.springframework.test.context.web.ServletTestExecutionListener@fed510f, org.springframework.test.context.support.DirtiesContextBeforeModesTestExecutionListener@3ad49704, org.springframework.test.context.event.ApplicationEventsTestExecutionListener@431bf770, org.springframework.boot.test.mock.mockito.MockitoTestExecutionListener@2fb5e706, org.springframework.boot.test.autoconfigure.SpringBootDependencyInjectionTestExecutionListener@4a35aed6, org.springframework.test.context.support.DirtiesContextTestExecutionListener@54c76c23, org.springframework.test.context.transaction.TransactionalTestExecutionListener@48fbb1bc, org.springframework.test.context.jdbc.SqlScriptsTestExecutionListener@48f6f272, org.springframework.test.context.event.EventPublishingTestExecutionListener@2fd2a6a4, org.springframework.security.test.context.support.WithSecurityContextTestExecutionListener@401b7109, org.springframework.security.test.context.support.ReactorContextTestExecutionListener@55785ee7, org.springframework.boot.test.mock.mockito.ResetMocksTestExecutionListener@2ae25358, org.springframework.boot.test.autoconfigure.restdocs.RestDocsTestExecutionListener@10bf2726, org.springframework.boot.test.autoconfigure.web.client.MockRestServiceServerResetTestExecutionListener@bb78f01, org.springframework.boot.test.autoconfigure.web.servlet.MockMvcPrintOnlyOnFailureTestExecutionListener@1caf77f6, org.springframework.boot.test.autoconfigure.web.servlet.WebDriverTestExecutionListener@246f9fa8, org.springframework.boot.test.autoconfigure.webservices.client.MockWebServiceServerTestExecutionListener@4d001a14]
2022-08-22_12-50-58 [main] INFO  com.auth.repository.UserDaoTest - Starting UserDaoTest using Java 17.0.3 on DESKTOP-KE8A2D8 with PID 16824 (started by msspy in C:\Users\msspy\Desktop\Git Hub PPM\authorization-micro-service)
2022-08-22_12-50-58 [main] INFO  com.auth.repository.UserDaoTest - No active profile set, falling back to 1 default profile: "default"
2022-08-22_12-50-58 [main] INFO  o.s.d.r.c.RepositoryConfigurationDelegate - Bootstrapping Spring Data JPA repositories in DEFAULT mode.
2022-08-22_12-50-58 [main] INFO  o.s.d.r.c.RepositoryConfigurationDelegate - Finished Spring Data repository scanning in 16 ms. Found 1 JPA repository interfaces.
2022-08-22_12-50-58 [main] INFO  com.zaxxer.hikari.HikariDataSource - HikariPool-4 - Starting...
2022-08-22_12-50-58 [main] INFO  com.zaxxer.hikari.HikariDataSource - HikariPool-4 - Start completed.
2022-08-22_12-50-58 [main] INFO  o.h.jpa.internal.util.LogHelper - HHH000204: Processing PersistenceUnitInfo [name: default]
2022-08-22_12-50-58 [main] INFO  org.hibernate.dialect.Dialect - HHH000400: Using dialect: org.hibernate.dialect.H2Dialect
2022-08-22_12-50-58 [main] INFO  o.h.e.t.j.p.i.JtaPlatformInitiator - HHH000490: Using JtaPlatform implementation: [org.hibernate.engine.transaction.jta.platform.internal.NoJtaPlatform]
2022-08-22_12-50-58 [main] INFO  o.s.o.j.LocalContainerEntityManagerFactoryBean - Initialized JPA EntityManagerFactory for persistence unit 'default'
2022-08-22_12-50-58 [main] INFO  o.s.s.web.DefaultSecurityFilterChain - Will secure any request with [org.springframework.security.web.session.DisableEncodeUrlFilter@76b49d0, org.springframework.security.web.context.request.async.WebAsyncManagerIntegrationFilter@223c42b0, org.springframework.security.web.context.SecurityContextPersistenceFilter@ace45e9, org.springframework.security.web.header.HeaderWriterFilter@48c42253, org.springframework.security.web.authentication.logout.LogoutFilter@5ca9a6a8, com.auth.config.JwtRequestFilter@124ba047, org.springframework.security.web.savedrequest.RequestCacheAwareFilter@5c943847, org.springframework.security.web.servletapi.SecurityContextHolderAwareRequestFilter@352b5f3c, org.springframework.security.web.authentication.AnonymousAuthenticationFilter@6acedf54, org.springframework.security.web.session.SessionManagementFilter@32647dde, org.springframework.security.web.access.ExceptionTranslationFilter@14484887, org.springframework.security.web.access.intercept.FilterSecurityInterceptor@6ff5eeed]
2022-08-22_12-50-58 [main] INFO  o.s.b.a.h.H2ConsoleAutoConfiguration - H2 console available at '/h2'. Database available at 'jdbc:h2:mem:testdb'
2022-08-22_12-50-58 [main] INFO  o.s.b.a.e.web.EndpointLinksResolver - Exposing 1 endpoint(s) beneath base path '/manage'
2022-08-22_12-50-58 [main] INFO  com.auth.repository.UserDaoTest - Started UserDaoTest in 1.389 seconds (JVM running for 13.382)
2022-08-22_12-50-58 [main] INFO  o.s.b.t.c.SpringBootTestContextBootstrapper - Neither @ContextConfiguration nor @ContextHierarchy found for test class [com.auth.service.JwtUserDetailsServiceTest], using SpringBootContextLoader
2022-08-22_12-50-58 [main] INFO  o.s.t.c.s.AbstractContextLoader - Could not detect default resource locations for test class [com.auth.service.JwtUserDetailsServiceTest]: no resource found for suffixes {-context.xml, Context.groovy}.
2022-08-22_12-50-58 [main] INFO  o.s.t.c.s.AnnotationConfigContextLoaderUtils - Could not detect default configuration classes for test class [com.auth.service.JwtUserDetailsServiceTest]: JwtUserDetailsServiceTest does not declare any static, non-private, non-final, nested classes annotated with @Configuration.
2022-08-22_12-50-58 [main] INFO  o.s.b.t.c.SpringBootTestContextBootstrapper - Found @SpringBootConfiguration com.auth.AuthorizationMicroServiceApplication for test class com.auth.service.JwtUserDetailsServiceTest
2022-08-22_12-50-58 [main] INFO  o.s.b.t.c.SpringBootTestContextBootstrapper - Loaded default TestExecutionListener class names from location [META-INF/spring.factories]: [org.springframework.boot.test.mock.mockito.MockitoTestExecutionListener, org.springframework.boot.test.mock.mockito.ResetMocksTestExecutionListener, org.springframework.boot.test.autoconfigure.restdocs.RestDocsTestExecutionListener, org.springframework.boot.test.autoconfigure.web.client.MockRestServiceServerResetTestExecutionListener, org.springframework.boot.test.autoconfigure.web.servlet.MockMvcPrintOnlyOnFailureTestExecutionListener, org.springframework.boot.test.autoconfigure.web.servlet.WebDriverTestExecutionListener, org.springframework.boot.test.autoconfigure.webservices.client.MockWebServiceServerTestExecutionListener, org.springframework.test.context.web.ServletTestExecutionListener, org.springframework.test.context.support.DirtiesContextBeforeModesTestExecutionListener, org.springframework.test.context.event.ApplicationEventsTestExecutionListener, org.springframework.test.context.support.DependencyInjectionTestExecutionListener, org.springframework.test.context.support.DirtiesContextTestExecutionListener, org.springframework.test.context.transaction.TransactionalTestExecutionListener, org.springframework.test.context.jdbc.SqlScriptsTestExecutionListener, org.springframework.test.context.event.EventPublishingTestExecutionListener, org.springframework.security.test.context.support.WithSecurityContextTestExecutionListener, org.springframework.security.test.context.support.ReactorContextTestExecutionListener]
2022-08-22_12-50-58 [main] INFO  o.s.b.t.c.SpringBootTestContextBootstrapper - Using TestExecutionListeners: [org.springframework.test.context.web.ServletTestExecutionListener@57404a8d, org.springframework.test.context.support.DirtiesContextBeforeModesTestExecutionListener@337f6716, org.springframework.test.context.event.ApplicationEventsTestExecutionListener@4734a551, org.springframework.boot.test.mock.mockito.MockitoTestExecutionListener@780ccdc9, org.springframework.boot.test.autoconfigure.SpringBootDependencyInjectionTestExecutionListener@2d4df467, org.springframework.test.context.support.DirtiesContextTestExecutionListener@65c2610f, org.springframework.test.context.transaction.TransactionalTestExecutionListener@73e4ecb, org.springframework.test.context.jdbc.SqlScriptsTestExecutionListener@1942a960, org.springframework.test.context.event.EventPublishingTestExecutionListener@5bee88e3, org.springframework.security.test.context.support.WithSecurityContextTestExecutionListener@2dd25088, org.springframework.security.test.context.support.ReactorContextTestExecutionListener@586f1bef, org.springframework.boot.test.mock.mockito.ResetMocksTestExecutionListener@546ab02b, org.springframework.boot.test.autoconfigure.restdocs.RestDocsTestExecutionListener@7bec83d5, org.springframework.boot.test.autoconfigure.web.client.MockRestServiceServerResetTestExecutionListener@4485ca30, org.springframework.boot.test.autoconfigure.web.servlet.MockMvcPrintOnlyOnFailureTestExecutionListener@6415112c, org.springframework.boot.test.autoconfigure.web.servlet.WebDriverTestExecutionListener@65ff1e6d, org.springframework.boot.test.autoconfigure.webservices.client.MockWebServiceServerTestExecutionListener@7a12cb2c]
2022-08-22_12-50-58 [main] INFO  c.auth.service.MyUserDetailsService - User with username admin found
2022-08-22_12-50-58 [SpringApplicationShutdownHook] INFO  o.s.o.j.LocalContainerEntityManagerFactoryBean - Closing JPA EntityManagerFactory for persistence unit 'default'
2022-08-22_12-50-58 [SpringApplicationShutdownHook] INFO  o.h.t.s.i.SchemaDropperImpl$DelayedDropActionImpl - HHH000477: Starting delayed evictData of schema as part of SessionFactory shut-down'
2022-08-22_12-50-58 [SpringApplicationShutdownHook] INFO  com.zaxxer.hikari.HikariDataSource - HikariPool-1 - Shutdown initiated...
2022-08-22_12-50-58 [SpringApplicationShutdownHook] INFO  com.zaxxer.hikari.HikariDataSource - HikariPool-1 - Shutdown completed.
2022-08-22_12-50-58 [SpringApplicationShutdownHook] INFO  o.s.o.j.LocalContainerEntityManagerFactoryBean - Closing JPA EntityManagerFactory for persistence unit 'default'
2022-08-22_12-50-58 [SpringApplicationShutdownHook] INFO  o.h.t.s.i.SchemaDropperImpl$DelayedDropActionImpl - HHH000477: Starting delayed evictData of schema as part of SessionFactory shut-down'
2022-08-22_12-50-58 [SpringApplicationShutdownHook] INFO  com.zaxxer.hikari.HikariDataSource - HikariPool-2 - Shutdown initiated...
2022-08-22_12-50-58 [SpringApplicationShutdownHook] INFO  com.zaxxer.hikari.HikariDataSource - HikariPool-2 - Shutdown completed.
2022-08-22_12-50-58 [SpringApplicationShutdownHook] INFO  o.s.o.j.LocalContainerEntityManagerFactoryBean - Closing JPA EntityManagerFactory for persistence unit 'default'
2022-08-22_12-50-58 [SpringApplicationShutdownHook] INFO  o.h.t.s.i.SchemaDropperImpl$DelayedDropActionImpl - HHH000477: Starting delayed evictData of schema as part of SessionFactory shut-down'
2022-08-22_12-50-58 [SpringApplicationShutdownHook] INFO  com.zaxxer.hikari.HikariDataSource - HikariPool-3 - Shutdown initiated...
2022-08-22_12-50-58 [SpringApplicationShutdownHook] INFO  com.zaxxer.hikari.HikariDataSource - HikariPool-3 - Shutdown completed.
2022-08-22_12-50-58 [SpringApplicationShutdownHook] INFO  o.s.o.j.LocalContainerEntityManagerFactoryBean - Closing JPA EntityManagerFactory for persistence unit 'default'
2022-08-22_12-50-58 [SpringApplicationShutdownHook] INFO  o.h.t.s.i.SchemaDropperImpl$DelayedDropActionImpl - HHH000477: Starting delayed evictData of schema as part of SessionFactory shut-down'
2022-08-22_12-50-58 [SpringApplicationShutdownHook] INFO  com.zaxxer.hikari.HikariDataSource - HikariPool-4 - Shutdown initiated...
2022-08-22_12-50-58 [SpringApplicationShutdownHook] INFO  com.zaxxer.hikari.HikariDataSource - HikariPool-4 - Shutdown completed.
