2022-08-24_15-44-33 [restartedMain] INFO  c.a.AuthorizationMicroServiceApplication - Starting AuthorizationMicroServiceApplication using Java 17.0.3 on DESKTOP-KE8A2D8 with PID 2056 (C:\Users\msspy\Desktop\Git Hub PPM\authorization-micro-service\target\classes started by msspy in C:\Users\msspy\Desktop\Git Hub PPM\authorization-micro-service)
2022-08-24_15-44-33 [restartedMain] INFO  c.a.AuthorizationMicroServiceApplication - No active profile set, falling back to 1 default profile: "default"
2022-08-24_15-44-33 [restartedMain] INFO  o.s.b.d.e.DevToolsPropertyDefaultsPostProcessor - Devtools property defaults active! Set 'spring.devtools.add-properties' to 'false' to disable
2022-08-24_15-44-33 [restartedMain] INFO  o.s.b.d.e.DevToolsPropertyDefaultsPostProcessor - For additional web related logging consider setting the 'logging.level.web' property to 'DEBUG'
2022-08-24_15-44-33 [restartedMain] INFO  o.s.d.r.c.RepositoryConfigurationDelegate - Bootstrapping Spring Data JPA repositories in DEFAULT mode.
2022-08-24_15-44-33 [restartedMain] INFO  o.s.d.r.c.RepositoryConfigurationDelegate - Finished Spring Data repository scanning in 63 ms. Found 1 JPA repository interfaces.
2022-08-24_15-44-33 [restartedMain] INFO  o.s.b.w.e.tomcat.TomcatWebServer - Tomcat initialized with port(s): 8100 (http)
2022-08-24_15-44-33 [restartedMain] INFO  o.a.coyote.http11.Http11NioProtocol - Initializing ProtocolHandler ["http-nio-8100"]
2022-08-24_15-44-33 [restartedMain] INFO  o.a.catalina.core.StandardService - Starting service [Tomcat]
2022-08-24_15-44-33 [restartedMain] INFO  o.a.catalina.core.StandardEngine - Starting Servlet engine: [Apache Tomcat/9.0.65]
2022-08-24_15-44-33 [restartedMain] INFO  o.a.c.c.C.[.[localhost].[/auth] - Initializing Spring embedded WebApplicationContext
2022-08-24_15-44-33 [restartedMain] INFO  o.s.b.w.s.c.ServletWebServerApplicationContext - Root WebApplicationContext: initialization completed in 2062 ms
2022-08-24_15-44-33 [restartedMain] INFO  com.zaxxer.hikari.HikariDataSource - HikariPool-1 - Starting...
2022-08-24_15-44-33 [restartedMain] INFO  com.zaxxer.hikari.HikariDataSource - HikariPool-1 - Start completed.
2022-08-24_15-44-33 [restartedMain] INFO  o.s.b.a.h.H2ConsoleAutoConfiguration - H2 console available at '/h2'. Database available at 'jdbc:h2:mem:testdb'
2022-08-24_15-44-33 [restartedMain] INFO  o.h.jpa.internal.util.LogHelper - HHH000204: Processing PersistenceUnitInfo [name: default]
2022-08-24_15-44-33 [restartedMain] INFO  org.hibernate.Version - HHH000412: Hibernate ORM core version 5.6.10.Final
2022-08-24_15-44-33 [restartedMain] INFO  o.h.annotations.common.Version - HCANN000001: Hibernate Commons Annotations {5.1.2.Final}
2022-08-24_15-44-33 [restartedMain] INFO  org.hibernate.dialect.Dialect - HHH000400: Using dialect: org.hibernate.dialect.H2Dialect
2022-08-24_15-44-33 [restartedMain] INFO  o.h.e.t.j.p.i.JtaPlatformInitiator - HHH000490: Using JtaPlatform implementation: [org.hibernate.engine.transaction.jta.platform.internal.NoJtaPlatform]
2022-08-24_15-44-33 [restartedMain] INFO  o.s.o.j.LocalContainerEntityManagerFactoryBean - Initialized JPA EntityManagerFactory for persistence unit 'default'
2022-08-24_15-44-33 [restartedMain] INFO  o.s.s.web.DefaultSecurityFilterChain - Will secure any request with [org.springframework.security.web.session.DisableEncodeUrlFilter@1d72c22f, org.springframework.security.web.context.request.async.WebAsyncManagerIntegrationFilter@39872880, org.springframework.security.web.context.SecurityContextPersistenceFilter@459cde61, org.springframework.security.web.header.HeaderWriterFilter@3b965aa9, org.springframework.security.web.authentication.logout.LogoutFilter@109bed6e, com.auth.config.JwtRequestFilter@64915fed, org.springframework.security.web.savedrequest.RequestCacheAwareFilter@4644cc7, org.springframework.security.web.servletapi.SecurityContextHolderAwareRequestFilter@77647fd8, org.springframework.security.web.authentication.AnonymousAuthenticationFilter@321d3b54, org.springframework.security.web.session.SessionManagementFilter@2f7a013, org.springframework.security.web.access.ExceptionTranslationFilter@4e096e55, org.springframework.security.web.access.intercept.FilterSecurityInterceptor@5cc84a2a]
2022-08-24_15-44-33 [restartedMain] INFO  o.s.b.d.a.OptionalLiveReloadServer - LiveReload server is running on port 35729
2022-08-24_15-44-33 [restartedMain] INFO  o.s.b.a.e.web.EndpointLinksResolver - Exposing 1 endpoint(s) beneath base path '/manage'
2022-08-24_15-44-33 [restartedMain] INFO  o.a.coyote.http11.Http11NioProtocol - Starting ProtocolHandler ["http-nio-8100"]
2022-08-24_15-44-33 [restartedMain] INFO  o.s.b.w.e.tomcat.TomcatWebServer - Tomcat started on port(s): 8100 (http) with context path '/auth'
2022-08-24_15-44-33 [restartedMain] INFO  c.a.AuthorizationMicroServiceApplication - Started AuthorizationMicroServiceApplication in 5.165 seconds (JVM running for 6.469)
2022-08-24_15-44-33 [http-nio-8100-exec-1] INFO  o.a.c.c.C.[.[localhost].[/auth] - Initializing Spring DispatcherServlet 'dispatcherServlet'
2022-08-24_15-44-33 [http-nio-8100-exec-1] INFO  o.s.web.servlet.DispatcherServlet - Initializing Servlet 'dispatcherServlet'
2022-08-24_15-44-33 [http-nio-8100-exec-1] INFO  o.s.web.servlet.DispatcherServlet - Completed initialization in 1 ms
2022-08-24_15-44-33 [http-nio-8100-exec-1] INFO  c.a.c.JwtAuthenticationController - =============Inside authenticate Method==========
2022-08-24_15-44-33 [http-nio-8100-exec-1] INFO  c.auth.service.MyUserDetailsService - User with username admin found
2022-08-24_15-44-33 [http-nio-8100-exec-1] INFO  c.a.c.JwtAuthenticationController - Authentication Successful.....
2022-08-24_15-44-33 [http-nio-8100-exec-1] INFO  c.a.c.JwtAuthenticationController - UsernamePasswordAuthenticationToken [Principal=com.auth.model.MyUserDetails@505f1118, Credentials=[PROTECTED], Authenticated=true, Details=null, Granted Authorities=[ROLE_ADMIN]]
2022-08-24_15-44-33 [http-nio-8100-exec-1] INFO  c.auth.service.MyUserDetailsService - User with username admin found
2022-08-24_15-44-33 [http-nio-8100-exec-2] INFO  c.auth.service.MyUserDetailsService - User with username admin found
